c:\users\wotma\onedrive\documents\comp3015cw1\project_template\x64\debug\vc142.pdb
c:\users\wotma\onedrive\documents\comp3015cw1\project_template\x64\debug\vc142.idb
c:\users\wotma\onedrive\documents\comp3015cw1\project_template\x64\debug\glad.obj
c:\users\wotma\onedrive\documents\comp3015cw1\project_template\x64\debug\scenebasic_uniform.obj
c:\users\wotma\onedrive\documents\comp3015cw1\project_template\x64\debug\main.obj
c:\users\wotma\onedrive\documents\comp3015cw1\project_template\x64\debug\trianglemesh.obj
c:\users\wotma\onedrive\documents\comp3015cw1\project_template\x64\debug\texture.obj
c:\users\wotma\onedrive\documents\comp3015cw1\project_template\x64\debug\skybox.obj
c:\users\wotma\onedrive\documents\comp3015cw1\project_template\x64\debug\objmesh.obj
c:\users\wotma\onedrive\documents\comp3015cw1\project_template\x64\debug\glutils.obj
c:\users\wotma\onedrive\documents\comp3015cw1\project_template\x64\debug\glslprogram.obj
c:\users\wotma\onedrive\documents\comp3015cw1\project_template\x64\debug\cube.obj
c:\users\wotma\onedrive\documents\comp3015cw1\project_template\x64\debug\project_template.pdb
c:\users\wotma\onedrive\documents\comp3015cw1\project_template\x64\debug\project_template.tlog\cl.command.1.tlog
c:\users\wotma\onedrive\documents\comp3015cw1\project_template\x64\debug\project_template.tlog\cl.read.1.tlog
c:\users\wotma\onedrive\documents\comp3015cw1\project_template\x64\debug\project_template.tlog\cl.write.1.tlog
c:\users\wotma\onedrive\documents\comp3015cw1\project_template\x64\debug\project_template.tlog\link-cvtres.read.1.tlog
c:\users\wotma\onedrive\documents\comp3015cw1\project_template\x64\debug\project_template.tlog\link-cvtres.write.1.tlog
c:\users\wotma\onedrive\documents\comp3015cw1\project_template\x64\debug\project_template.tlog\link-rc.read.1.tlog
c:\users\wotma\onedrive\documents\comp3015cw1\project_template\x64\debug\project_template.tlog\link-rc.write.1.tlog
c:\users\wotma\onedrive\documents\comp3015cw1\project_template\x64\debug\project_template.tlog\link.command.1.tlog
c:\users\wotma\onedrive\documents\comp3015cw1\project_template\x64\debug\project_template.tlog\link.read.1.tlog
c:\users\wotma\onedrive\documents\comp3015cw1\project_template\x64\debug\project_template.tlog\link.write.1.tlog
